{"C:\\Users\\COMPHP\\Documents\\NetBeansProjects\\ProyectoWeb26\\Proyecto2026\\src\\test\\registroProducto.js": {"path":"C:\\Users\\COMPHP\\Documents\\NetBeansProjects\\ProyectoWeb26\\Proyecto2026\\src\\test\\registroProducto.js","statementMap":{"0":{"start":{"line":3,"column":4},"end":{"line":3,"column":12}},"1":{"start":{"line":6,"column":2},"end":{"line":13,"column":3}},"2":{"start":{"line":12,"column":4},"end":{"line":12,"column":79}},"3":{"start":{"line":16,"column":22},"end":{"line":16,"column":49}},"4":{"start":{"line":17,"column":2},"end":{"line":22,"column":3}},"5":{"start":{"line":18,"column":4},"end":{"line":21,"column":6}},"6":{"start":{"line":25,"column":2},"end":{"line":30,"column":3}},"7":{"start":{"line":26,"column":4},"end":{"line":29,"column":6}},"8":{"start":{"line":33,"column":2},"end":{"line":35,"column":3}},"9":{"start":{"line":34,"column":4},"end":{"line":34,"column":79}},"10":{"start":{"line":38,"column":2},"end":{"line":43,"column":3}},"11":{"start":{"line":39,"column":4},"end":{"line":42,"column":6}},"12":{"start":{"line":45,"column":2},"end":{"line":45,"column":26}},"13":{"start":{"line":47,"column":0},"end":{"line":47,"column":34}}},"fnMap":{"0":{"name":"registroProducto","decl":{"start":{"line":1,"column":9},"end":{"line":1,"column":25}},"loc":{"start":{"line":1,"column":36},"end":{"line":46,"column":1}},"line":1}},"branchMap":{"0":{"loc":{"start":{"line":6,"column":2},"end":{"line":13,"column":3}},"type":"if","locations":[{"start":{"line":6,"column":2},"end":{"line":13,"column":3}},{"start":{},"end":{}}],"line":6},"1":{"loc":{"start":{"line":7,"column":4},"end":{"line":10,"column":16}},"type":"binary-expr","locations":[{"start":{"line":7,"column":4},"end":{"line":7,"column":20}},{"start":{"line":8,"column":4},"end":{"line":8,"column":17}},{"start":{"line":9,"column":4},"end":{"line":9,"column":23}},{"start":{"line":10,"column":4},"end":{"line":10,"column":16}}],"line":7},"2":{"loc":{"start":{"line":17,"column":2},"end":{"line":22,"column":3}},"type":"if","locations":[{"start":{"line":17,"column":2},"end":{"line":22,"column":3}},{"start":{},"end":{}}],"line":17},"3":{"loc":{"start":{"line":25,"column":2},"end":{"line":30,"column":3}},"type":"if","locations":[{"start":{"line":25,"column":2},"end":{"line":30,"column":3}},{"start":{},"end":{}}],"line":25},"4":{"loc":{"start":{"line":25,"column":6},"end":{"line":25,"column":54}},"type":"binary-expr","locations":[{"start":{"line":25,"column":6},"end":{"line":25,"column":25}},{"start":{"line":25,"column":29},"end":{"line":25,"column":54}}],"line":25},"5":{"loc":{"start":{"line":33,"column":2},"end":{"line":35,"column":3}},"type":"if","locations":[{"start":{"line":33,"column":2},"end":{"line":35,"column":3}},{"start":{},"end":{}}],"line":33},"6":{"loc":{"start":{"line":33,"column":6},"end":{"line":33,"column":40}},"type":"binary-expr","locations":[{"start":{"line":33,"column":6},"end":{"line":33,"column":18}},{"start":{"line":33,"column":22},"end":{"line":33,"column":40}}],"line":33},"7":{"loc":{"start":{"line":38,"column":2},"end":{"line":43,"column":3}},"type":"if","locations":[{"start":{"line":38,"column":2},"end":{"line":43,"column":3}},{"start":{},"end":{}}],"line":38},"8":{"loc":{"start":{"line":38,"column":6},"end":{"line":38,"column":45}},"type":"binary-expr","locations":[{"start":{"line":38,"column":6},"end":{"line":38,"column":17}},{"start":{"line":38,"column":21},"end":{"line":38,"column":45}}],"line":38}},"s":{"0":5,"1":5,"2":1,"3":4,"4":4,"5":0,"6":4,"7":1,"8":3,"9":1,"10":2,"11":1,"12":1,"13":1},"f":{"0":5},"b":{"0":[1,4],"1":[5,4,4,4],"2":[0,4],"3":[1,3],"4":[4,4],"5":[1,2],"6":[3,3],"7":[1,1],"8":[2,1]},"_coverageSchema":"1a1c01bbd47fc00a2c39e90264f33305004495a9","hash":"99fcf1f00c2f5cdd49cd4205f34633e6eca10dcb"}
}
