TN:
SF:src\test\registroProducto.js
FN:1,registroProducto
FNF:1
FNH:1
FNDA:5,registroProducto
DA:3,5
DA:6,5
DA:12,1
DA:16,4
DA:17,4
DA:18,0
DA:25,4
DA:26,1
DA:33,3
DA:34,1
DA:38,2
DA:39,1
DA:45,1
DA:47,1
LF:14
LH:13
BRDA:6,0,0,1
BRDA:6,0,1,4
BRDA:7,1,0,5
BRDA:7,1,1,4
BRDA:7,1,2,4
BRDA:7,1,3,4
BRDA:17,2,0,0
BRDA:17,2,1,4
BRDA:25,3,0,1
BRDA:25,3,1,3
BRDA:25,4,0,4
BRDA:25,4,1,4
BRDA:33,5,0,1
BRDA:33,5,1,2
BRDA:33,6,0,3
BRDA:33,6,1,3
BRDA:38,7,0,1
BRDA:38,7,1,1
BRDA:38,8,0,2
BRDA:38,8,1,1
BRF:20
BRH:19
end_of_record
